
          -------------------------------------------------------
          Amber 24 SANDER                              2024
          -------------------------------------------------------

| Run on 10/16/2024 at 20:35:24

|   Executable path: /home8/larry/ips-pgm/bin/sander.MPI
| Working directory: /home8/larry/project/ips/energy_conv/imin5
|          Hostname: rayl8

  [-O]verwriting output

File Assignments:
|  MDIN: mdin                                                                  
| MDOUT: ips.out                                                               
|INPCRD: restrt0                                                               
|  PARM: pGM.prmtop                                                            
|RESTRT: restrt                                                                
|  REFC: refc                                                                  
| MDVEL: mdvel                                                                 
| MDFRC: mdfrc                                                                 
|  MDEN: mden                                                                  
| MDCRD: mdcrd                                                                 
|MDINFO: mdinfo                                                                
|  MTMD: mtmd                                                                  
|INPDIP: inpdip                                                                
|RSTDIP: rstdip                                                                
|INPTRA: pme1.nc                                                               

|    REMLOG: rem.log
|   REMTYPE: rem.type
|  REMSTRIP: 
|   SAVEENE: saveene
|CLUSTERINF: cluster.info
| RESERVOIR: reserv/frame
|   REMDDIM: 


 Here is the input file:

  single point calc.                                                           
 &cntrl                                                                        
   imin=5,maxcyc=1,                                                            
   ntb=1,                                                                      
   ntp=0,                                                                      
   ntc=2, ntf=2, tol=0.000001,                                                 
   cut=10.,                                                                    
   ntpr=100, ntwr=100, ntwx=100,                                               
   dt=0.001,                                                                   
   ipgm=1,ips=1,                                                               
 /                                                                             
 &ewald                                                                        
  skinnb=0.,ew_coeff=0.4,nfft1=50,nfft2=50,nfft3=50,order=8,vdwmeth=0          
 /                                                                             
 &pol_gauss                                                                    
   pol_gauss_verbose=0,ee_dsum_cut=10.0,pol_gauss_ips=1,                       
   dipole_scf_tol=0.0001,dipole_scf_init=1,dipole_scf_init_order=3,dipole_scf_init_step=2,
   scf_solv_opt=1,scf_sor_niter=100,scf_sor_coefficient=0.65,                  
   scf_cg_niter=50,scf_local_niter=3,scf_local_cut=4.0                         
 /                                                                             

--------------------------------------------------------------------------------
   1.  RESOURCE   USE: 
--------------------------------------------------------------------------------

| Flags: MPI                                                                    
 getting box info from netcdf restart file
| NetCDF restart box info found
|Largest sphere to fit in unit cell has radius =    11.009
| New format PARM file being parsed.
| Version =    1.000 Date = 06/09/20 Time = 10:19:01
 NATOM  =    1536 NTYPES =       2 NBONH =    1536 MBONA  =       0
 NTHETH =       0 MTHETA =       0 NPHIH =       0 MPHIA  =       0
 NHPARM =       0 NPARM  =       0 NNB   =    2048 NRES   =     512
 NBONA  =       0 NTHETA =       0 NPHIA =       0 NUMBND =       2
 NUMANG =       0 NPTRA  =       0 NATYP =       2 NPHB   =       0
 IFBOX  =       2 NMXRS  =       3 IFCAP =       0 NEXTRA =       0
 NCOPY  =       0


|     Memory Use     Allocated
|     Real             1421281
|     Hollerith           5122
|     Integer            54825
|     Max Pairs          85332
|     nblistReal         18432
|     nblist Int         49811
|       Total            12009 kbytes

| Note: 1-4 EEL scale factors are being read from the topology file.

| Note: 1-4 VDW scale factors are being read from the topology file.
| Duplicated    0 dihedrals
| Duplicated    0 dihedrals

     BOX TYPE: TRUNCATED OCTAHEDRON

--------------------------------------------------------------------------------
   2.  CONTROL  DATA  FOR  THE  RUN
--------------------------------------------------------------------------------

TP3                                                                             

General flags:
     imin    =       5, nmropt  =       0

Nature and format of input:
     ntx     =       1, irest   =       0, ntrx    =       1

Nature and format of output:
     ntxo    =       2, ntpr    =     100, ntrx    =       1, ntwr    =     100
     iwrap   =       0, ntwx    =     100, ntwv    =       0, ntwe    =       0
     ioutfm  =       1, ntwprt  =       0, idecomp =       0, rbornstat=      0

Potential function:
     ntf     =       2, ntb     =       1, igb     =       0, nsnb    =      25
     ipol    =       0, gbsa    =       0, iesp    =       0
     dielc   =   1.00000, cut     =  10.00000, intdiel =   1.00000

Frozen or restrained atoms:
     ibelly  =       0, ntr     =       0

Energy minimization:
     maxcyc  =       1, ncyc    =      10, ntmin   =       1
     dx0     =   0.01000, drms    =   0.00010

SHAKE:
     ntc     =       2, jfastw  =       0
     tol     =   0.00000

Ewald parameters:
     verbose =       0, ew_type =       0, nbflag  =       1, use_pme =       0
     vdwmeth =       2, eedmeth =       6, netfrc  =       0
     Box X =   26.967   Box Y =   26.967   Box Z =   26.967
     Alpha =  109.471   Beta  =  109.471   Gamma =  109.471
     NFFT1 =   50       NFFT2 =   50       NFFT3 =   50
     Cutoff=   10.000   Tol   =0.154E-08
     Ewald Coefficient =  0.40000
     Interpolation order =    8

| MPI Timing options:
|      profile_mpi =        0
|  INFO: Old style inpcrd file read


--------------------------------------------------------------------------------
   3.  ATOMIC COORDINATES AND VELOCITIES
--------------------------------------------------------------------------------

TP3                                                                             
 begin time read from input coords =  4706.000 ps

 Number of triangulated 3-point waters found:      512
|  Atom division among processors:
|         0      96     192     288     384     480     576     672
|       768     864     960    1056    1152    1248    1344    1440
|      1536

     Sum of charges from parm topology file =   0.00000000
     Forcing neutrality...
|  Running AMBER/MPI version on   16 nodes

 ----------------------------------
 Using 3D-IPS algorithm
   IPS Radius:  10.00 A
   Using IPS for electrostatic energy
   Using IPS for L-J energy
 ----------------------------------

--------------------------------------------------------------------------------
   4.  RESULTS
--------------------------------------------------------------------------------

 POST-PROCESSING OF TRAJECTORY ENERGIES
TRAJENE: Original NFFTs:     50    50    50
TRAJENE: Frames in trajectory=   100
TRAJENE: Atoms in trajectory=  1536
TP3                                                                             
minimizing coord set #     1
 ---------------------------------------------------

     eedmeth=6: Using IPS method for electrostatic energy

 ---------------------------------------------------
| Local SIZE OF NONBOND LIST =      21514
| TOTAL SIZE OF NONBOND LIST =     327011


  Maximum number of minimization cycles reached.


                    FINAL RESULTS



   NSTEP       ENERGY          RMS            GMAX         NAME    NUMBER
      1              NaN            NaN     0.0000E+00     O           1

 BOND    =        0.0000  ANGLE   =        0.0000  DIHED      =        0.0000
 VDWAALS =           NaN  EEL     =  -505966.4493  HBOND      =        0.0000
 1-4 VDW =        0.0000  1-4 EEL =        0.0000  RESTRAINT  =        0.0000
minimization completed, ENE=            NaN RMS=          NaN
minimizing coord set #     2


  Maximum number of minimization cycles reached.


                    FINAL RESULTS



   NSTEP       ENERGY          RMS            GMAX         NAME    NUMBER
      1              NaN            NaN     0.0000E+00     O           1

 BOND    =        0.0000  ANGLE   =        0.0000  DIHED      =        0.0000
 VDWAALS =           NaN  EEL     =  -505878.3521  HBOND      =        0.0000
 1-4 VDW =        0.0000  1-4 EEL =        0.0000  RESTRAINT  =        0.0000
minimization completed, ENE=            NaN RMS=          NaN
minimizing coord set #     3


  Maximum number of minimization cycles reached.


                    FINAL RESULTS



   NSTEP       ENERGY          RMS            GMAX         NAME    NUMBER
      1              NaN            NaN     0.0000E+00     O           1

 BOND    =        0.0000  ANGLE   =        0.0000  DIHED      =        0.0000
 VDWAALS =           NaN  EEL     =  -505890.8050  HBOND      =        0.0000
 1-4 VDW =        0.0000  1-4 EEL =        0.0000  RESTRAINT  =        0.0000
minimization completed, ENE=            NaN RMS=          NaN
minimizing coord set #     4


  Maximum number of minimization cycles reached.


                    FINAL RESULTS



   NSTEP       ENERGY          RMS            GMAX         NAME    NUMBER
      1              NaN            NaN     0.0000E+00     O           1

 BOND    =        0.0000  ANGLE   =        0.0000  DIHED      =        0.0000
 VDWAALS =           NaN  EEL     =  -505963.8200  HBOND      =        0.0000
 1-4 VDW =        0.0000  1-4 EEL =        0.0000  RESTRAINT  =        0.0000
minimization completed, ENE=            NaN RMS=          NaN
minimizing coord set #     5


  Maximum number of minimization cycles reached.


                    FINAL RESULTS



   NSTEP       ENERGY          RMS            GMAX         NAME    NUMBER
      1              NaN            NaN     0.0000E+00     O           1

 BOND    =        0.0000  ANGLE   =        0.0000  DIHED      =        0.0000
 VDWAALS =           NaN  EEL     =  -505926.8222  HBOND      =        0.0000
 1-4 VDW =        0.0000  1-4 EEL =        0.0000  RESTRAINT  =        0.0000
minimization completed, ENE=            NaN RMS=          NaN
minimizing coord set #     6


  Maximum number of minimization cycles reached.


                    FINAL RESULTS



   NSTEP       ENERGY          RMS            GMAX         NAME    NUMBER
      1              NaN            NaN     0.0000E+00     O           1

 BOND    =        0.0000  ANGLE   =        0.0000  DIHED      =        0.0000
 VDWAALS =           NaN  EEL     =  -505891.9215  HBOND      =        0.0000
 1-4 VDW =        0.0000  1-4 EEL =        0.0000  RESTRAINT  =        0.0000
minimization completed, ENE=            NaN RMS=          NaN
minimizing coord set #     7


  Maximum number of minimization cycles reached.


                    FINAL RESULTS



   NSTEP       ENERGY          RMS            GMAX         NAME    NUMBER
      1              NaN            NaN     0.0000E+00     O           1

 BOND    =        0.0000  ANGLE   =        0.0000  DIHED      =        0.0000
 VDWAALS =           NaN  EEL     =  -505868.3724  HBOND      =        0.0000
 1-4 VDW =        0.0000  1-4 EEL =        0.0000  RESTRAINT  =        0.0000
minimization completed, ENE=            NaN RMS=          NaN
minimizing coord set #     8


  Maximum number of minimization cycles reached.


                    FINAL RESULTS



   NSTEP       ENERGY          RMS            GMAX         NAME    NUMBER
      1              NaN            NaN     0.0000E+00     O           1

 BOND    =        0.0000  ANGLE   =        0.0000  DIHED      =        0.0000
 VDWAALS =           NaN  EEL     =  -505881.1881  HBOND      =        0.0000
 1-4 VDW =        0.0000  1-4 EEL =        0.0000  RESTRAINT  =        0.0000
minimization completed, ENE=            NaN RMS=          NaN
minimizing coord set #     9


  Maximum number of minimization cycles reached.


                    FINAL RESULTS



   NSTEP       ENERGY          RMS            GMAX         NAME    NUMBER
      1              NaN            NaN     0.0000E+00     O           1

 BOND    =        0.0000  ANGLE   =        0.0000  DIHED      =        0.0000
 VDWAALS =           NaN  EEL     =  -505891.7886  HBOND      =        0.0000
 1-4 VDW =        0.0000  1-4 EEL =        0.0000  RESTRAINT  =        0.0000
minimization completed, ENE=            NaN RMS=          NaN
minimizing coord set #    10


  Maximum number of minimization cycles reached.


                    FINAL RESULTS



   NSTEP       ENERGY          RMS            GMAX         NAME    NUMBER
      1              NaN            NaN     0.0000E+00     O           1

 BOND    =        0.0000  ANGLE   =        0.0000  DIHED      =        0.0000
 VDWAALS =           NaN  EEL     =  -505885.6531  HBOND      =        0.0000
 1-4 VDW =        0.0000  1-4 EEL =        0.0000  RESTRAINT  =        0.0000
minimization completed, ENE=            NaN RMS=          NaN
minimizing coord set #    11


  Maximum number of minimization cycles reached.


                    FINAL RESULTS



   NSTEP       ENERGY          RMS            GMAX         NAME    NUMBER
      1              NaN            NaN     0.0000E+00     O           1

 BOND    =        0.0000  ANGLE   =        0.0000  DIHED      =        0.0000
 VDWAALS =           NaN  EEL     =  -505914.9367  HBOND      =        0.0000
 1-4 VDW =        0.0000  1-4 EEL =        0.0000  RESTRAINT  =        0.0000
minimization completed, ENE=            NaN RMS=          NaN
minimizing coord set #    12


  Maximum number of minimization cycles reached.


                    FINAL RESULTS



   NSTEP       ENERGY          RMS            GMAX         NAME    NUMBER
      1              NaN            NaN     0.0000E+00     O           1

 BOND    =        0.0000  ANGLE   =        0.0000  DIHED      =        0.0000
 VDWAALS =           NaN  EEL     =  -505925.9280  HBOND      =        0.0000
 1-4 VDW =        0.0000  1-4 EEL =        0.0000  RESTRAINT  =        0.0000
minimization completed, ENE=            NaN RMS=          NaN
minimizing coord set #    13


  Maximum number of minimization cycles reached.


                    FINAL RESULTS



   NSTEP       ENERGY          RMS            GMAX         NAME    NUMBER
      1              NaN            NaN     0.0000E+00     O           1

 BOND    =        0.0000  ANGLE   =        0.0000  DIHED      =        0.0000
 VDWAALS =           NaN  EEL     =  -505876.6203  HBOND      =        0.0000
 1-4 VDW =        0.0000  1-4 EEL =        0.0000  RESTRAINT  =        0.0000
minimization completed, ENE=            NaN RMS=          NaN
minimizing coord set #    14


  Maximum number of minimization cycles reached.


                    FINAL RESULTS



   NSTEP       ENERGY          RMS            GMAX         NAME    NUMBER
      1              NaN            NaN     0.0000E+00     O           1

 BOND    =        0.0000  ANGLE   =        0.0000  DIHED      =        0.0000
 VDWAALS =           NaN  EEL     =  -505905.9238  HBOND      =        0.0000
 1-4 VDW =        0.0000  1-4 EEL =        0.0000  RESTRAINT  =        0.0000
minimization completed, ENE=            NaN RMS=          NaN
minimizing coord set #    15


  Maximum number of minimization cycles reached.


                    FINAL RESULTS



   NSTEP       ENERGY          RMS            GMAX         NAME    NUMBER
      1              NaN            NaN     0.0000E+00     O           1

 BOND    =        0.0000  ANGLE   =        0.0000  DIHED      =        0.0000
 VDWAALS =           NaN  EEL     =  -505909.3064  HBOND      =        0.0000
 1-4 VDW =        0.0000  1-4 EEL =        0.0000  RESTRAINT  =        0.0000
minimization completed, ENE=            NaN RMS=          NaN
minimizing coord set #    16


  Maximum number of minimization cycles reached.


                    FINAL RESULTS



   NSTEP       ENERGY          RMS            GMAX         NAME    NUMBER
      1              NaN            NaN     0.0000E+00     O           1

 BOND    =        0.0000  ANGLE   =        0.0000  DIHED      =        0.0000
 VDWAALS =           NaN  EEL     =  -505887.6186  HBOND      =        0.0000
 1-4 VDW =        0.0000  1-4 EEL =        0.0000  RESTRAINT  =        0.0000
minimization completed, ENE=            NaN RMS=          NaN
minimizing coord set #    17


  Maximum number of minimization cycles reached.


                    FINAL RESULTS



   NSTEP       ENERGY          RMS            GMAX         NAME    NUMBER
      1              NaN            NaN     0.0000E+00     O           1

 BOND    =        0.0000  ANGLE   =        0.0000  DIHED      =        0.0000
 VDWAALS =           NaN  EEL     =  -505871.8868  HBOND      =        0.0000
 1-4 VDW =        0.0000  1-4 EEL =        0.0000  RESTRAINT  =        0.0000
minimization completed, ENE=            NaN RMS=          NaN
minimizing coord set #    18


  Maximum number of minimization cycles reached.


                    FINAL RESULTS



   NSTEP       ENERGY          RMS            GMAX         NAME    NUMBER
      1              NaN            NaN     0.0000E+00     O           1

 BOND    =        0.0000  ANGLE   =        0.0000  DIHED      =        0.0000
 VDWAALS =           NaN  EEL     =  -505864.9095  HBOND      =        0.0000
 1-4 VDW =        0.0000  1-4 EEL =        0.0000  RESTRAINT  =        0.0000
minimization completed, ENE=            NaN RMS=          NaN
minimizing coord set #    19


  Maximum number of minimization cycles reached.


                    FINAL RESULTS



   NSTEP       ENERGY          RMS            GMAX         NAME    NUMBER
      1              NaN            NaN     0.0000E+00     O           1

 BOND    =        0.0000  ANGLE   =        0.0000  DIHED      =        0.0000
 VDWAALS =           NaN  EEL     =  -505786.7273  HBOND      =        0.0000
 1-4 VDW =        0.0000  1-4 EEL =        0.0000  RESTRAINT  =        0.0000
minimization completed, ENE=            NaN RMS=          NaN
minimizing coord set #    20


  Maximum number of minimization cycles reached.


                    FINAL RESULTS



   NSTEP       ENERGY          RMS            GMAX         NAME    NUMBER
      1              NaN            NaN     0.0000E+00     O           1

 BOND    =        0.0000  ANGLE   =        0.0000  DIHED      =        0.0000
 VDWAALS =           NaN  EEL     =  -505845.5541  HBOND      =        0.0000
 1-4 VDW =        0.0000  1-4 EEL =        0.0000  RESTRAINT  =        0.0000
minimization completed, ENE=            NaN RMS=          NaN
minimizing coord set #    21


  Maximum number of minimization cycles reached.


                    FINAL RESULTS



   NSTEP       ENERGY          RMS            GMAX         NAME    NUMBER
      1              NaN            NaN     0.0000E+00     O           1

 BOND    =        0.0000  ANGLE   =        0.0000  DIHED      =        0.0000
 VDWAALS =           NaN  EEL     =  -505841.4645  HBOND      =        0.0000
 1-4 VDW =        0.0000  1-4 EEL =        0.0000  RESTRAINT  =        0.0000
minimization completed, ENE=            NaN RMS=          NaN
minimizing coord set #    22


  Maximum number of minimization cycles reached.


                    FINAL RESULTS



   NSTEP       ENERGY          RMS            GMAX         NAME    NUMBER
      1              NaN            NaN     0.0000E+00     O           1

 BOND    =        0.0000  ANGLE   =        0.0000  DIHED      =        0.0000
 VDWAALS =           NaN  EEL     =  -505796.6619  HBOND      =        0.0000
 1-4 VDW =        0.0000  1-4 EEL =        0.0000  RESTRAINT  =        0.0000
minimization completed, ENE=            NaN RMS=          NaN
minimizing coord set #    23


  Maximum number of minimization cycles reached.


                    FINAL RESULTS



   NSTEP       ENERGY          RMS            GMAX         NAME    NUMBER
      1              NaN            NaN     0.0000E+00     O           1

 BOND    =        0.0000  ANGLE   =        0.0000  DIHED      =        0.0000
 VDWAALS =           NaN  EEL     =  -505795.6837  HBOND      =        0.0000
 1-4 VDW =        0.0000  1-4 EEL =        0.0000  RESTRAINT  =        0.0000
minimization completed, ENE=            NaN RMS=          NaN
minimizing coord set #    24


  Maximum number of minimization cycles reached.


                    FINAL RESULTS



   NSTEP       ENERGY          RMS            GMAX         NAME    NUMBER
      1              NaN            NaN     0.0000E+00     O           1

 BOND    =        0.0000  ANGLE   =        0.0000  DIHED      =        0.0000
 VDWAALS =           NaN  EEL     =  -505774.3743  HBOND      =        0.0000
 1-4 VDW =        0.0000  1-4 EEL =        0.0000  RESTRAINT  =        0.0000
minimization completed, ENE=            NaN RMS=          NaN
minimizing coord set #    25


  Maximum number of minimization cycles reached.


                    FINAL RESULTS



   NSTEP       ENERGY          RMS            GMAX         NAME    NUMBER
      1              NaN            NaN     0.0000E+00     O           1

 BOND    =        0.0000  ANGLE   =        0.0000  DIHED      =        0.0000
 VDWAALS =           NaN  EEL     =  -505765.1133  HBOND      =        0.0000
 1-4 VDW =        0.0000  1-4 EEL =        0.0000  RESTRAINT  =        0.0000
minimization completed, ENE=            NaN RMS=          NaN
minimizing coord set #    26


  Maximum number of minimization cycles reached.


                    FINAL RESULTS



   NSTEP       ENERGY          RMS            GMAX         NAME    NUMBER
      1              NaN            NaN     0.0000E+00     O           1

 BOND    =        0.0000  ANGLE   =        0.0000  DIHED      =        0.0000
 VDWAALS =           NaN  EEL     =  -505769.0411  HBOND      =        0.0000
 1-4 VDW =        0.0000  1-4 EEL =        0.0000  RESTRAINT  =        0.0000
minimization completed, ENE=            NaN RMS=          NaN
minimizing coord set #    27


  Maximum number of minimization cycles reached.


                    FINAL RESULTS



   NSTEP       ENERGY          RMS            GMAX         NAME    NUMBER
      1              NaN            NaN     0.0000E+00     O           1

 BOND    =        0.0000  ANGLE   =        0.0000  DIHED      =        0.0000
 VDWAALS =           NaN  EEL     =  -505789.6971  HBOND      =        0.0000
 1-4 VDW =        0.0000  1-4 EEL =        0.0000  RESTRAINT  =        0.0000
minimization completed, ENE=            NaN RMS=          NaN
minimizing coord set #    28


  Maximum number of minimization cycles reached.


                    FINAL RESULTS



   NSTEP       ENERGY          RMS            GMAX         NAME    NUMBER
      1              NaN            NaN     0.0000E+00     O           1

 BOND    =        0.0000  ANGLE   =        0.0000  DIHED      =        0.0000
 VDWAALS =           NaN  EEL     =  -505810.1932  HBOND      =        0.0000
 1-4 VDW =        0.0000  1-4 EEL =        0.0000  RESTRAINT  =        0.0000
minimization completed, ENE=            NaN RMS=          NaN
minimizing coord set #    29


  Maximum number of minimization cycles reached.


                    FINAL RESULTS



   NSTEP       ENERGY          RMS            GMAX         NAME    NUMBER
      1              NaN            NaN     0.0000E+00     O           1

 BOND    =        0.0000  ANGLE   =        0.0000  DIHED      =        0.0000
 VDWAALS =           NaN  EEL     =  -505755.1503  HBOND      =        0.0000
 1-4 VDW =        0.0000  1-4 EEL =        0.0000  RESTRAINT  =        0.0000
minimization completed, ENE=            NaN RMS=          NaN
minimizing coord set #    30


  Maximum number of minimization cycles reached.


                    FINAL RESULTS



   NSTEP       ENERGY          RMS            GMAX         NAME    NUMBER
      1              NaN            NaN     0.0000E+00     O           1

 BOND    =        0.0000  ANGLE   =        0.0000  DIHED      =        0.0000
 VDWAALS =           NaN  EEL     =  -505690.1641  HBOND      =        0.0000
 1-4 VDW =        0.0000  1-4 EEL =        0.0000  RESTRAINT  =        0.0000
minimization completed, ENE=            NaN RMS=          NaN
minimizing coord set #    31


  Maximum number of minimization cycles reached.


                    FINAL RESULTS



   NSTEP       ENERGY          RMS            GMAX         NAME    NUMBER
      1              NaN            NaN     0.0000E+00     O           1

 BOND    =        0.0000  ANGLE   =        0.0000  DIHED      =        0.0000
 VDWAALS =           NaN  EEL     =  -505763.2268  HBOND      =        0.0000
 1-4 VDW =        0.0000  1-4 EEL =        0.0000  RESTRAINT  =        0.0000
minimization completed, ENE=            NaN RMS=          NaN
minimizing coord set #    32


  Maximum number of minimization cycles reached.


                    FINAL RESULTS



   NSTEP       ENERGY          RMS            GMAX         NAME    NUMBER
      1              NaN            NaN     0.0000E+00     O           1

 BOND    =        0.0000  ANGLE   =        0.0000  DIHED      =        0.0000
 VDWAALS =           NaN  EEL     =  -505698.9681  HBOND      =        0.0000
 1-4 VDW =        0.0000  1-4 EEL =        0.0000  RESTRAINT  =        0.0000
minimization completed, ENE=            NaN RMS=          NaN
minimizing coord set #    33


  Maximum number of minimization cycles reached.


                    FINAL RESULTS



   NSTEP       ENERGY          RMS            GMAX         NAME    NUMBER
      1              NaN            NaN     0.0000E+00     O           1

 BOND    =        0.0000  ANGLE   =        0.0000  DIHED      =        0.0000
 VDWAALS =           NaN  EEL     =  -505669.4016  HBOND      =        0.0000
 1-4 VDW =        0.0000  1-4 EEL =        0.0000  RESTRAINT  =        0.0000
minimization completed, ENE=            NaN RMS=          NaN
minimizing coord set #    34


  Maximum number of minimization cycles reached.


                    FINAL RESULTS



   NSTEP       ENERGY          RMS            GMAX         NAME    NUMBER
      1              NaN            NaN     0.0000E+00     O           1

 BOND    =        0.0000  ANGLE   =        0.0000  DIHED      =        0.0000
 VDWAALS =           NaN  EEL     =  -505729.4281  HBOND      =        0.0000
 1-4 VDW =        0.0000  1-4 EEL =        0.0000  RESTRAINT  =        0.0000
minimization completed, ENE=            NaN RMS=          NaN
minimizing coord set #    35


  Maximum number of minimization cycles reached.


                    FINAL RESULTS



   NSTEP       ENERGY          RMS            GMAX         NAME    NUMBER
      1              NaN            NaN     0.0000E+00     O           1

 BOND    =        0.0000  ANGLE   =        0.0000  DIHED      =        0.0000
 VDWAALS =           NaN  EEL     =  -505721.9390  HBOND      =        0.0000
 1-4 VDW =        0.0000  1-4 EEL =        0.0000  RESTRAINT  =        0.0000
minimization completed, ENE=            NaN RMS=          NaN
minimizing coord set #    36


  Maximum number of minimization cycles reached.


                    FINAL RESULTS



   NSTEP       ENERGY          RMS            GMAX         NAME    NUMBER
      1              NaN            NaN     0.0000E+00     O           1

 BOND    =        0.0000  ANGLE   =        0.0000  DIHED      =        0.0000
 VDWAALS =           NaN  EEL     =  -505691.8540  HBOND      =        0.0000
 1-4 VDW =        0.0000  1-4 EEL =        0.0000  RESTRAINT  =        0.0000
minimization completed, ENE=            NaN RMS=          NaN
minimizing coord set #    37


  Maximum number of minimization cycles reached.


                    FINAL RESULTS



   NSTEP       ENERGY          RMS            GMAX         NAME    NUMBER
      1              NaN            NaN     0.0000E+00     O           1

 BOND    =        0.0000  ANGLE   =        0.0000  DIHED      =        0.0000
 VDWAALS =           NaN  EEL     =  -505704.0146  HBOND      =        0.0000
 1-4 VDW =        0.0000  1-4 EEL =        0.0000  RESTRAINT  =        0.0000
minimization completed, ENE=            NaN RMS=          NaN
minimizing coord set #    38


  Maximum number of minimization cycles reached.


                    FINAL RESULTS



   NSTEP       ENERGY          RMS            GMAX         NAME    NUMBER
      1              NaN            NaN     0.0000E+00     O           1

 BOND    =        0.0000  ANGLE   =        0.0000  DIHED      =        0.0000
 VDWAALS =           NaN  EEL     =  -505704.7610  HBOND      =        0.0000
 1-4 VDW =        0.0000  1-4 EEL =        0.0000  RESTRAINT  =        0.0000
minimization completed, ENE=            NaN RMS=          NaN
minimizing coord set #    39


  Maximum number of minimization cycles reached.


                    FINAL RESULTS



   NSTEP       ENERGY          RMS            GMAX         NAME    NUMBER
      1              NaN            NaN     0.0000E+00     O           1

 BOND    =        0.0000  ANGLE   =        0.0000  DIHED      =        0.0000
 VDWAALS =           NaN  EEL     =  -505724.7674  HBOND      =        0.0000
 1-4 VDW =        0.0000  1-4 EEL =        0.0000  RESTRAINT  =        0.0000
minimization completed, ENE=            NaN RMS=          NaN
minimizing coord set #    40


  Maximum number of minimization cycles reached.


                    FINAL RESULTS



   NSTEP       ENERGY          RMS            GMAX         NAME    NUMBER
      1              NaN            NaN     0.0000E+00     O           1

 BOND    =        0.0000  ANGLE   =        0.0000  DIHED      =        0.0000
 VDWAALS =           NaN  EEL     =  -505661.1466  HBOND      =        0.0000
 1-4 VDW =        0.0000  1-4 EEL =        0.0000  RESTRAINT  =        0.0000
minimization completed, ENE=            NaN RMS=          NaN
minimizing coord set #    41


  Maximum number of minimization cycles reached.


                    FINAL RESULTS



   NSTEP       ENERGY          RMS            GMAX         NAME    NUMBER
      1              NaN            NaN     0.0000E+00     O           1

 BOND    =        0.0000  ANGLE   =        0.0000  DIHED      =        0.0000
 VDWAALS =           NaN  EEL     =  -505624.2950  HBOND      =        0.0000
 1-4 VDW =        0.0000  1-4 EEL =        0.0000  RESTRAINT  =        0.0000
minimization completed, ENE=            NaN RMS=          NaN
minimizing coord set #    42


  Maximum number of minimization cycles reached.


                    FINAL RESULTS



   NSTEP       ENERGY          RMS            GMAX         NAME    NUMBER
      1              NaN            NaN     0.0000E+00     O           1

 BOND    =        0.0000  ANGLE   =        0.0000  DIHED      =        0.0000
 VDWAALS =           NaN  EEL     =  -505754.5188  HBOND      =        0.0000
 1-4 VDW =        0.0000  1-4 EEL =        0.0000  RESTRAINT  =        0.0000
minimization completed, ENE=            NaN RMS=          NaN
minimizing coord set #    43


  Maximum number of minimization cycles reached.


                    FINAL RESULTS



   NSTEP       ENERGY          RMS            GMAX         NAME    NUMBER
      1              NaN            NaN     0.0000E+00     O           1

 BOND    =        0.0000  ANGLE   =        0.0000  DIHED      =        0.0000
 VDWAALS =           NaN  EEL     =  -505734.2832  HBOND      =        0.0000
 1-4 VDW =        0.0000  1-4 EEL =        0.0000  RESTRAINT  =        0.0000
minimization completed, ENE=            NaN RMS=          NaN
minimizing coord set #    44


  Maximum number of minimization cycles reached.


                    FINAL RESULTS



   NSTEP       ENERGY          RMS            GMAX         NAME    NUMBER
      1              NaN            NaN     0.0000E+00     O           1

 BOND    =        0.0000  ANGLE   =        0.0000  DIHED      =        0.0000
 VDWAALS =           NaN  EEL     =  -505687.9761  HBOND      =        0.0000
 1-4 VDW =        0.0000  1-4 EEL =        0.0000  RESTRAINT  =        0.0000
minimization completed, ENE=            NaN RMS=          NaN
minimizing coord set #    45


  Maximum number of minimization cycles reached.


                    FINAL RESULTS



   NSTEP       ENERGY          RMS            GMAX         NAME    NUMBER
      1              NaN            NaN     0.0000E+00     O           1

 BOND    =        0.0000  ANGLE   =        0.0000  DIHED      =        0.0000
 VDWAALS =           NaN  EEL     =  -505643.2626  HBOND      =        0.0000
 1-4 VDW =        0.0000  1-4 EEL =        0.0000  RESTRAINT  =        0.0000
minimization completed, ENE=            NaN RMS=          NaN
minimizing coord set #    46


  Maximum number of minimization cycles reached.


                    FINAL RESULTS



   NSTEP       ENERGY          RMS            GMAX         NAME    NUMBER
      1              NaN            NaN     0.0000E+00     O           1

 BOND    =        0.0000  ANGLE   =        0.0000  DIHED      =        0.0000
 VDWAALS =           NaN  EEL     =  -505697.8581  HBOND      =        0.0000
 1-4 VDW =        0.0000  1-4 EEL =        0.0000  RESTRAINT  =        0.0000
minimization completed, ENE=            NaN RMS=          NaN
minimizing coord set #    47


  Maximum number of minimization cycles reached.


                    FINAL RESULTS



   NSTEP       ENERGY          RMS            GMAX         NAME    NUMBER
      1              NaN            NaN     0.0000E+00     O           1

 BOND    =        0.0000  ANGLE   =        0.0000  DIHED      =        0.0000
 VDWAALS =           NaN  EEL     =  -505725.0817  HBOND      =        0.0000
 1-4 VDW =        0.0000  1-4 EEL =        0.0000  RESTRAINT  =        0.0000
minimization completed, ENE=            NaN RMS=          NaN
minimizing coord set #    48


  Maximum number of minimization cycles reached.


                    FINAL RESULTS



   NSTEP       ENERGY          RMS            GMAX         NAME    NUMBER
      1              NaN            NaN     0.0000E+00     O           1

 BOND    =        0.0000  ANGLE   =        0.0000  DIHED      =        0.0000
 VDWAALS =           NaN  EEL     =  -505666.3189  HBOND      =        0.0000
 1-4 VDW =        0.0000  1-4 EEL =        0.0000  RESTRAINT  =        0.0000
minimization completed, ENE=            NaN RMS=          NaN
minimizing coord set #    49


  Maximum number of minimization cycles reached.


                    FINAL RESULTS



   NSTEP       ENERGY          RMS            GMAX         NAME    NUMBER
      1              NaN            NaN     0.0000E+00     O           1

 BOND    =        0.0000  ANGLE   =        0.0000  DIHED      =        0.0000
 VDWAALS =           NaN  EEL     =  -505610.4350  HBOND      =        0.0000
 1-4 VDW =        0.0000  1-4 EEL =        0.0000  RESTRAINT  =        0.0000
minimization completed, ENE=            NaN RMS=          NaN
minimizing coord set #    50


  Maximum number of minimization cycles reached.


                    FINAL RESULTS



   NSTEP       ENERGY          RMS            GMAX         NAME    NUMBER
      1              NaN            NaN     0.0000E+00     O           1

 BOND    =        0.0000  ANGLE   =        0.0000  DIHED      =        0.0000
 VDWAALS =           NaN  EEL     =  -505633.5383  HBOND      =        0.0000
 1-4 VDW =        0.0000  1-4 EEL =        0.0000  RESTRAINT  =        0.0000
minimization completed, ENE=            NaN RMS=          NaN
minimizing coord set #    51


  Maximum number of minimization cycles reached.


                    FINAL RESULTS



   NSTEP       ENERGY          RMS            GMAX         NAME    NUMBER
      1              NaN            NaN     0.0000E+00     O           1

 BOND    =        0.0000  ANGLE   =        0.0000  DIHED      =        0.0000
 VDWAALS =           NaN  EEL     =  -505686.2568  HBOND      =        0.0000
 1-4 VDW =        0.0000  1-4 EEL =        0.0000  RESTRAINT  =        0.0000
minimization completed, ENE=            NaN RMS=          NaN
minimizing coord set #    52


  Maximum number of minimization cycles reached.


                    FINAL RESULTS



   NSTEP       ENERGY          RMS            GMAX         NAME    NUMBER
      1              NaN            NaN     0.0000E+00     O           1

 BOND    =        0.0000  ANGLE   =        0.0000  DIHED      =        0.0000
 VDWAALS =           NaN  EEL     =  -505713.4351  HBOND      =        0.0000
 1-4 VDW =        0.0000  1-4 EEL =        0.0000  RESTRAINT  =        0.0000
minimization completed, ENE=            NaN RMS=          NaN
minimizing coord set #    53


  Maximum number of minimization cycles reached.


                    FINAL RESULTS



   NSTEP       ENERGY          RMS            GMAX         NAME    NUMBER
      1              NaN            NaN     0.0000E+00     O           1

 BOND    =        0.0000  ANGLE   =        0.0000  DIHED      =        0.0000
 VDWAALS =           NaN  EEL     =  -505633.5760  HBOND      =        0.0000
 1-4 VDW =        0.0000  1-4 EEL =        0.0000  RESTRAINT  =        0.0000
minimization completed, ENE=            NaN RMS=          NaN
minimizing coord set #    54


  Maximum number of minimization cycles reached.


                    FINAL RESULTS



   NSTEP       ENERGY          RMS            GMAX         NAME    NUMBER
      1              NaN            NaN     0.0000E+00     O           1

 BOND    =        0.0000  ANGLE   =        0.0000  DIHED      =        0.0000
 VDWAALS =           NaN  EEL     =  -505635.1136  HBOND      =        0.0000
 1-4 VDW =        0.0000  1-4 EEL =        0.0000  RESTRAINT  =        0.0000
minimization completed, ENE=            NaN RMS=          NaN
minimizing coord set #    55


  Maximum number of minimization cycles reached.


                    FINAL RESULTS



   NSTEP       ENERGY          RMS            GMAX         NAME    NUMBER
      1              NaN            NaN     0.0000E+00     O           1

 BOND    =        0.0000  ANGLE   =        0.0000  DIHED      =        0.0000
 VDWAALS =           NaN  EEL     =  -505591.6861  HBOND      =        0.0000
 1-4 VDW =        0.0000  1-4 EEL =        0.0000  RESTRAINT  =        0.0000
minimization completed, ENE=            NaN RMS=          NaN
minimizing coord set #    56


  Maximum number of minimization cycles reached.


                    FINAL RESULTS



   NSTEP       ENERGY          RMS            GMAX         NAME    NUMBER
      1              NaN            NaN     0.0000E+00     O           1

 BOND    =        0.0000  ANGLE   =        0.0000  DIHED      =        0.0000
 VDWAALS =           NaN  EEL     =  -505601.5227  HBOND      =        0.0000
 1-4 VDW =        0.0000  1-4 EEL =        0.0000  RESTRAINT  =        0.0000
minimization completed, ENE=            NaN RMS=          NaN
minimizing coord set #    57


  Maximum number of minimization cycles reached.


                    FINAL RESULTS



   NSTEP       ENERGY          RMS            GMAX         NAME    NUMBER
      1              NaN            NaN     0.0000E+00     O           1

 BOND    =        0.0000  ANGLE   =        0.0000  DIHED      =        0.0000
 VDWAALS =           NaN  EEL     =  -505535.0320  HBOND      =        0.0000
 1-4 VDW =        0.0000  1-4 EEL =        0.0000  RESTRAINT  =        0.0000
minimization completed, ENE=            NaN RMS=          NaN
minimizing coord set #    58


  Maximum number of minimization cycles reached.


                    FINAL RESULTS



   NSTEP       ENERGY          RMS            GMAX         NAME    NUMBER
      1              NaN            NaN     0.0000E+00     O           1

 BOND    =        0.0000  ANGLE   =        0.0000  DIHED      =        0.0000
 VDWAALS =           NaN  EEL     =  -505614.0313  HBOND      =        0.0000
 1-4 VDW =        0.0000  1-4 EEL =        0.0000  RESTRAINT  =        0.0000
minimization completed, ENE=            NaN RMS=          NaN
minimizing coord set #    59


  Maximum number of minimization cycles reached.


                    FINAL RESULTS



   NSTEP       ENERGY          RMS            GMAX         NAME    NUMBER
      1              NaN            NaN     0.0000E+00     O           1

 BOND    =        0.0000  ANGLE   =        0.0000  DIHED      =        0.0000
 VDWAALS =           NaN  EEL     =  -505619.5314  HBOND      =        0.0000
 1-4 VDW =        0.0000  1-4 EEL =        0.0000  RESTRAINT  =        0.0000
minimization completed, ENE=            NaN RMS=          NaN
minimizing coord set #    60


  Maximum number of minimization cycles reached.


                    FINAL RESULTS



   NSTEP       ENERGY          RMS            GMAX         NAME    NUMBER
      1              NaN            NaN     0.0000E+00     O           1

 BOND    =        0.0000  ANGLE   =        0.0000  DIHED      =        0.0000
 VDWAALS =           NaN  EEL     =  -505656.9037  HBOND      =        0.0000
 1-4 VDW =        0.0000  1-4 EEL =        0.0000  RESTRAINT  =        0.0000
minimization completed, ENE=            NaN RMS=          NaN
minimizing coord set #    61


  Maximum number of minimization cycles reached.


                    FINAL RESULTS



   NSTEP       ENERGY          RMS            GMAX         NAME    NUMBER
      1              NaN            NaN     0.0000E+00     O           1

 BOND    =        0.0000  ANGLE   =        0.0000  DIHED      =        0.0000
 VDWAALS =           NaN  EEL     =  -505650.9781  HBOND      =        0.0000
 1-4 VDW =        0.0000  1-4 EEL =        0.0000  RESTRAINT  =        0.0000
minimization completed, ENE=            NaN RMS=          NaN
minimizing coord set #    62


  Maximum number of minimization cycles reached.


                    FINAL RESULTS



   NSTEP       ENERGY          RMS            GMAX         NAME    NUMBER
      1              NaN            NaN     0.0000E+00     O           1

 BOND    =        0.0000  ANGLE   =        0.0000  DIHED      =        0.0000
 VDWAALS =           NaN  EEL     =  -505563.5683  HBOND      =        0.0000
 1-4 VDW =        0.0000  1-4 EEL =        0.0000  RESTRAINT  =        0.0000
minimization completed, ENE=            NaN RMS=          NaN
minimizing coord set #    63


  Maximum number of minimization cycles reached.


                    FINAL RESULTS



   NSTEP       ENERGY          RMS            GMAX         NAME    NUMBER
      1              NaN            NaN     0.0000E+00     O           1

 BOND    =        0.0000  ANGLE   =        0.0000  DIHED      =        0.0000
 VDWAALS =           NaN  EEL     =  -505559.2360  HBOND      =        0.0000
 1-4 VDW =        0.0000  1-4 EEL =        0.0000  RESTRAINT  =        0.0000
minimization completed, ENE=            NaN RMS=          NaN
minimizing coord set #    64


  Maximum number of minimization cycles reached.


                    FINAL RESULTS



   NSTEP       ENERGY          RMS            GMAX         NAME    NUMBER
      1              NaN            NaN     0.0000E+00     O           1

 BOND    =        0.0000  ANGLE   =        0.0000  DIHED      =        0.0000
 VDWAALS =           NaN  EEL     =  -505618.5705  HBOND      =        0.0000
 1-4 VDW =        0.0000  1-4 EEL =        0.0000  RESTRAINT  =        0.0000
minimization completed, ENE=            NaN RMS=          NaN
minimizing coord set #    65


  Maximum number of minimization cycles reached.


                    FINAL RESULTS



   NSTEP       ENERGY          RMS            GMAX         NAME    NUMBER
      1              NaN            NaN     0.0000E+00     O           1

 BOND    =        0.0000  ANGLE   =        0.0000  DIHED      =        0.0000
 VDWAALS =           NaN  EEL     =  -505628.2674  HBOND      =        0.0000
 1-4 VDW =        0.0000  1-4 EEL =        0.0000  RESTRAINT  =        0.0000
minimization completed, ENE=            NaN RMS=          NaN
minimizing coord set #    66


  Maximum number of minimization cycles reached.


                    FINAL RESULTS



   NSTEP       ENERGY          RMS            GMAX         NAME    NUMBER
      1              NaN            NaN     0.0000E+00     O           1

 BOND    =        0.0000  ANGLE   =        0.0000  DIHED      =        0.0000
 VDWAALS =           NaN  EEL     =  -505593.3657  HBOND      =        0.0000
 1-4 VDW =        0.0000  1-4 EEL =        0.0000  RESTRAINT  =        0.0000
minimization completed, ENE=            NaN RMS=          NaN
minimizing coord set #    67


  Maximum number of minimization cycles reached.


                    FINAL RESULTS



   NSTEP       ENERGY          RMS            GMAX         NAME    NUMBER
      1              NaN            NaN     0.0000E+00     O           1

 BOND    =        0.0000  ANGLE   =        0.0000  DIHED      =        0.0000
 VDWAALS =           NaN  EEL     =  -505567.5135  HBOND      =        0.0000
 1-4 VDW =        0.0000  1-4 EEL =        0.0000  RESTRAINT  =        0.0000
minimization completed, ENE=            NaN RMS=          NaN
minimizing coord set #    68


  Maximum number of minimization cycles reached.


                    FINAL RESULTS



   NSTEP       ENERGY          RMS            GMAX         NAME    NUMBER
      1              NaN            NaN     0.0000E+00     O           1

 BOND    =        0.0000  ANGLE   =        0.0000  DIHED      =        0.0000
 VDWAALS =           NaN  EEL     =  -505562.5115  HBOND      =        0.0000
 1-4 VDW =        0.0000  1-4 EEL =        0.0000  RESTRAINT  =        0.0000
minimization completed, ENE=            NaN RMS=          NaN
minimizing coord set #    69


  Maximum number of minimization cycles reached.


                    FINAL RESULTS



   NSTEP       ENERGY          RMS            GMAX         NAME    NUMBER
      1              NaN            NaN     0.0000E+00     O           1

 BOND    =        0.0000  ANGLE   =        0.0000  DIHED      =        0.0000
 VDWAALS =           NaN  EEL     =  -505583.1458  HBOND      =        0.0000
 1-4 VDW =        0.0000  1-4 EEL =        0.0000  RESTRAINT  =        0.0000
minimization completed, ENE=            NaN RMS=          NaN
minimizing coord set #    70


  Maximum number of minimization cycles reached.


                    FINAL RESULTS



   NSTEP       ENERGY          RMS            GMAX         NAME    NUMBER
      1              NaN            NaN     0.0000E+00     O           1

 BOND    =        0.0000  ANGLE   =        0.0000  DIHED      =        0.0000
 VDWAALS =           NaN  EEL     =  -505559.4160  HBOND      =        0.0000
 1-4 VDW =        0.0000  1-4 EEL =        0.0000  RESTRAINT  =        0.0000
minimization completed, ENE=            NaN RMS=          NaN
minimizing coord set #    71


  Maximum number of minimization cycles reached.


                    FINAL RESULTS



   NSTEP       ENERGY          RMS            GMAX         NAME    NUMBER
      1              NaN            NaN     0.0000E+00     O           1

 BOND    =        0.0000  ANGLE   =        0.0000  DIHED      =        0.0000
 VDWAALS =           NaN  EEL     =  -505565.4587  HBOND      =        0.0000
 1-4 VDW =        0.0000  1-4 EEL =        0.0000  RESTRAINT  =        0.0000
minimization completed, ENE=            NaN RMS=          NaN
minimizing coord set #    72


  Maximum number of minimization cycles reached.


                    FINAL RESULTS



   NSTEP       ENERGY          RMS            GMAX         NAME    NUMBER
      1              NaN            NaN     0.0000E+00     O           1

 BOND    =        0.0000  ANGLE   =        0.0000  DIHED      =        0.0000
 VDWAALS =           NaN  EEL     =  -505529.4680  HBOND      =        0.0000
 1-4 VDW =        0.0000  1-4 EEL =        0.0000  RESTRAINT  =        0.0000
minimization completed, ENE=            NaN RMS=          NaN
minimizing coord set #    73


  Maximum number of minimization cycles reached.


                    FINAL RESULTS



   NSTEP       ENERGY          RMS            GMAX         NAME    NUMBER
      1              NaN            NaN     0.0000E+00     O           1

 BOND    =        0.0000  ANGLE   =        0.0000  DIHED      =        0.0000
 VDWAALS =           NaN  EEL     =  -505496.7923  HBOND      =        0.0000
 1-4 VDW =        0.0000  1-4 EEL =        0.0000  RESTRAINT  =        0.0000
minimization completed, ENE=            NaN RMS=          NaN
minimizing coord set #    74


  Maximum number of minimization cycles reached.


                    FINAL RESULTS



   NSTEP       ENERGY          RMS            GMAX         NAME    NUMBER
      1              NaN            NaN     0.0000E+00     O           1

 BOND    =        0.0000  ANGLE   =        0.0000  DIHED      =        0.0000
 VDWAALS =           NaN  EEL     =  -505593.3596  HBOND      =        0.0000
 1-4 VDW =        0.0000  1-4 EEL =        0.0000  RESTRAINT  =        0.0000
minimization completed, ENE=            NaN RMS=          NaN
minimizing coord set #    75


  Maximum number of minimization cycles reached.


                    FINAL RESULTS



   NSTEP       ENERGY          RMS            GMAX         NAME    NUMBER
      1              NaN            NaN     0.0000E+00     O           1

 BOND    =        0.0000  ANGLE   =        0.0000  DIHED      =        0.0000
 VDWAALS =           NaN  EEL     =  -505661.7549  HBOND      =        0.0000
 1-4 VDW =        0.0000  1-4 EEL =        0.0000  RESTRAINT  =        0.0000
minimization completed, ENE=            NaN RMS=          NaN
minimizing coord set #    76


  Maximum number of minimization cycles reached.


                    FINAL RESULTS



   NSTEP       ENERGY          RMS            GMAX         NAME    NUMBER
      1              NaN            NaN     0.0000E+00     O           1

 BOND    =        0.0000  ANGLE   =        0.0000  DIHED      =        0.0000
 VDWAALS =           NaN  EEL     =  -505653.7720  HBOND      =        0.0000
 1-4 VDW =        0.0000  1-4 EEL =        0.0000  RESTRAINT  =        0.0000
minimization completed, ENE=            NaN RMS=          NaN
minimizing coord set #    77


  Maximum number of minimization cycles reached.


                    FINAL RESULTS



   NSTEP       ENERGY          RMS            GMAX         NAME    NUMBER
      1              NaN            NaN     0.0000E+00     O           1

 BOND    =        0.0000  ANGLE   =        0.0000  DIHED      =        0.0000
 VDWAALS =           NaN  EEL     =  -505642.1070  HBOND      =        0.0000
 1-4 VDW =        0.0000  1-4 EEL =        0.0000  RESTRAINT  =        0.0000
minimization completed, ENE=            NaN RMS=          NaN
minimizing coord set #    78


  Maximum number of minimization cycles reached.


                    FINAL RESULTS



   NSTEP       ENERGY          RMS            GMAX         NAME    NUMBER
      1              NaN            NaN     0.0000E+00     O           1

 BOND    =        0.0000  ANGLE   =        0.0000  DIHED      =        0.0000
 VDWAALS =           NaN  EEL     =  -505627.6240  HBOND      =        0.0000
 1-4 VDW =        0.0000  1-4 EEL =        0.0000  RESTRAINT  =        0.0000
minimization completed, ENE=            NaN RMS=          NaN
minimizing coord set #    79


  Maximum number of minimization cycles reached.


                    FINAL RESULTS



   NSTEP       ENERGY          RMS            GMAX         NAME    NUMBER
      1              NaN            NaN     0.0000E+00     O           1

 BOND    =        0.0000  ANGLE   =        0.0000  DIHED      =        0.0000
 VDWAALS =           NaN  EEL     =  -505607.6918  HBOND      =        0.0000
 1-4 VDW =        0.0000  1-4 EEL =        0.0000  RESTRAINT  =        0.0000
minimization completed, ENE=            NaN RMS=          NaN
minimizing coord set #    80


  Maximum number of minimization cycles reached.


                    FINAL RESULTS



   NSTEP       ENERGY          RMS            GMAX         NAME    NUMBER
      1              NaN            NaN     0.0000E+00     O           1

 BOND    =        0.0000  ANGLE   =        0.0000  DIHED      =        0.0000
 VDWAALS =           NaN  EEL     =  -505576.9313  HBOND      =        0.0000
 1-4 VDW =        0.0000  1-4 EEL =        0.0000  RESTRAINT  =        0.0000
minimization completed, ENE=            NaN RMS=          NaN
minimizing coord set #    81


  Maximum number of minimization cycles reached.


                    FINAL RESULTS



   NSTEP       ENERGY          RMS            GMAX         NAME    NUMBER
      1              NaN            NaN     0.0000E+00     O           1

 BOND    =        0.0000  ANGLE   =        0.0000  DIHED      =        0.0000
 VDWAALS =           NaN  EEL     =  -505602.6403  HBOND      =        0.0000
 1-4 VDW =        0.0000  1-4 EEL =        0.0000  RESTRAINT  =        0.0000
minimization completed, ENE=            NaN RMS=          NaN
minimizing coord set #    82


  Maximum number of minimization cycles reached.


                    FINAL RESULTS



   NSTEP       ENERGY          RMS            GMAX         NAME    NUMBER
      1              NaN            NaN     0.0000E+00     O           1

 BOND    =        0.0000  ANGLE   =        0.0000  DIHED      =        0.0000
 VDWAALS =           NaN  EEL     =  -505594.1242  HBOND      =        0.0000
 1-4 VDW =        0.0000  1-4 EEL =        0.0000  RESTRAINT  =        0.0000
minimization completed, ENE=            NaN RMS=          NaN
minimizing coord set #    83


  Maximum number of minimization cycles reached.


                    FINAL RESULTS



   NSTEP       ENERGY          RMS            GMAX         NAME    NUMBER
      1              NaN            NaN     0.0000E+00     O           1

 BOND    =        0.0000  ANGLE   =        0.0000  DIHED      =        0.0000
 VDWAALS =           NaN  EEL     =  -505574.3174  HBOND      =        0.0000
 1-4 VDW =        0.0000  1-4 EEL =        0.0000  RESTRAINT  =        0.0000
minimization completed, ENE=            NaN RMS=          NaN
minimizing coord set #    84


  Maximum number of minimization cycles reached.


                    FINAL RESULTS



   NSTEP       ENERGY          RMS            GMAX         NAME    NUMBER
      1              NaN            NaN     0.0000E+00     O           1

 BOND    =        0.0000  ANGLE   =        0.0000  DIHED      =        0.0000
 VDWAALS =           NaN  EEL     =  -505620.0302  HBOND      =        0.0000
 1-4 VDW =        0.0000  1-4 EEL =        0.0000  RESTRAINT  =        0.0000
minimization completed, ENE=            NaN RMS=          NaN
minimizing coord set #    85


  Maximum number of minimization cycles reached.


                    FINAL RESULTS



   NSTEP       ENERGY          RMS            GMAX         NAME    NUMBER
      1              NaN            NaN     0.0000E+00     O           1

 BOND    =        0.0000  ANGLE   =        0.0000  DIHED      =        0.0000
 VDWAALS =           NaN  EEL     =  -505629.0101  HBOND      =        0.0000
 1-4 VDW =        0.0000  1-4 EEL =        0.0000  RESTRAINT  =        0.0000
minimization completed, ENE=            NaN RMS=          NaN
minimizing coord set #    86


  Maximum number of minimization cycles reached.


                    FINAL RESULTS



   NSTEP       ENERGY          RMS            GMAX         NAME    NUMBER
      1              NaN            NaN     0.0000E+00     O           1

 BOND    =        0.0000  ANGLE   =        0.0000  DIHED      =        0.0000
 VDWAALS =           NaN  EEL     =  -505578.4166  HBOND      =        0.0000
 1-4 VDW =        0.0000  1-4 EEL =        0.0000  RESTRAINT  =        0.0000
minimization completed, ENE=            NaN RMS=          NaN
minimizing coord set #    87


  Maximum number of minimization cycles reached.


                    FINAL RESULTS



   NSTEP       ENERGY          RMS            GMAX         NAME    NUMBER
      1              NaN            NaN     0.0000E+00     O           1

 BOND    =        0.0000  ANGLE   =        0.0000  DIHED      =        0.0000
 VDWAALS =           NaN  EEL     =  -505625.4950  HBOND      =        0.0000
 1-4 VDW =        0.0000  1-4 EEL =        0.0000  RESTRAINT  =        0.0000
minimization completed, ENE=            NaN RMS=          NaN
minimizing coord set #    88


  Maximum number of minimization cycles reached.


                    FINAL RESULTS



   NSTEP       ENERGY          RMS            GMAX         NAME    NUMBER
      1              NaN            NaN     0.0000E+00     O           1

 BOND    =        0.0000  ANGLE   =        0.0000  DIHED      =        0.0000
 VDWAALS =           NaN  EEL     =  -505566.6240  HBOND      =        0.0000
 1-4 VDW =        0.0000  1-4 EEL =        0.0000  RESTRAINT  =        0.0000
minimization completed, ENE=            NaN RMS=          NaN
minimizing coord set #    89


  Maximum number of minimization cycles reached.


                    FINAL RESULTS



   NSTEP       ENERGY          RMS            GMAX         NAME    NUMBER
      1              NaN            NaN     0.0000E+00     O           1

 BOND    =        0.0000  ANGLE   =        0.0000  DIHED      =        0.0000
 VDWAALS =           NaN  EEL     =  -505559.2555  HBOND      =        0.0000
 1-4 VDW =        0.0000  1-4 EEL =        0.0000  RESTRAINT  =        0.0000
minimization completed, ENE=            NaN RMS=          NaN
minimizing coord set #    90


  Maximum number of minimization cycles reached.


                    FINAL RESULTS



   NSTEP       ENERGY          RMS            GMAX         NAME    NUMBER
      1              NaN            NaN     0.0000E+00     O           1

 BOND    =        0.0000  ANGLE   =        0.0000  DIHED      =        0.0000
 VDWAALS =           NaN  EEL     =  -505591.0692  HBOND      =        0.0000
 1-4 VDW =        0.0000  1-4 EEL =        0.0000  RESTRAINT  =        0.0000
minimization completed, ENE=            NaN RMS=          NaN
minimizing coord set #    91


  Maximum number of minimization cycles reached.


                    FINAL RESULTS



   NSTEP       ENERGY          RMS            GMAX         NAME    NUMBER
      1              NaN            NaN     0.0000E+00     O           1

 BOND    =        0.0000  ANGLE   =        0.0000  DIHED      =        0.0000
 VDWAALS =           NaN  EEL     =  -505600.9822  HBOND      =        0.0000
 1-4 VDW =        0.0000  1-4 EEL =        0.0000  RESTRAINT  =        0.0000
minimization completed, ENE=            NaN RMS=          NaN
minimizing coord set #    92


  Maximum number of minimization cycles reached.


                    FINAL RESULTS



   NSTEP       ENERGY          RMS            GMAX         NAME    NUMBER
      1              NaN            NaN     0.0000E+00     O           1

 BOND    =        0.0000  ANGLE   =        0.0000  DIHED      =        0.0000
 VDWAALS =           NaN  EEL     =  -505630.9096  HBOND      =        0.0000
 1-4 VDW =        0.0000  1-4 EEL =        0.0000  RESTRAINT  =        0.0000
minimization completed, ENE=            NaN RMS=          NaN
minimizing coord set #    93


  Maximum number of minimization cycles reached.


                    FINAL RESULTS



   NSTEP       ENERGY          RMS            GMAX         NAME    NUMBER
      1              NaN            NaN     0.0000E+00     O           1

 BOND    =        0.0000  ANGLE   =        0.0000  DIHED      =        0.0000
 VDWAALS =           NaN  EEL     =  -505617.4619  HBOND      =        0.0000
 1-4 VDW =        0.0000  1-4 EEL =        0.0000  RESTRAINT  =        0.0000
minimization completed, ENE=            NaN RMS=          NaN
minimizing coord set #    94


  Maximum number of minimization cycles reached.


                    FINAL RESULTS



   NSTEP       ENERGY          RMS            GMAX         NAME    NUMBER
      1              NaN            NaN     0.0000E+00     O           1

 BOND    =        0.0000  ANGLE   =        0.0000  DIHED      =        0.0000
 VDWAALS =           NaN  EEL     =  -505613.3393  HBOND      =        0.0000
 1-4 VDW =        0.0000  1-4 EEL =        0.0000  RESTRAINT  =        0.0000
minimization completed, ENE=            NaN RMS=          NaN
minimizing coord set #    95


  Maximum number of minimization cycles reached.


                    FINAL RESULTS



   NSTEP       ENERGY          RMS            GMAX         NAME    NUMBER
      1              NaN            NaN     0.0000E+00     O           1

 BOND    =        0.0000  ANGLE   =        0.0000  DIHED      =        0.0000
 VDWAALS =           NaN  EEL     =  -505602.1197  HBOND      =        0.0000
 1-4 VDW =        0.0000  1-4 EEL =        0.0000  RESTRAINT  =        0.0000
minimization completed, ENE=            NaN RMS=          NaN
minimizing coord set #    96


  Maximum number of minimization cycles reached.


                    FINAL RESULTS



   NSTEP       ENERGY          RMS            GMAX         NAME    NUMBER
      1              NaN            NaN     0.0000E+00     O           1

 BOND    =        0.0000  ANGLE   =        0.0000  DIHED      =        0.0000
 VDWAALS =           NaN  EEL     =  -505533.6611  HBOND      =        0.0000
 1-4 VDW =        0.0000  1-4 EEL =        0.0000  RESTRAINT  =        0.0000
minimization completed, ENE=            NaN RMS=          NaN
minimizing coord set #    97


  Maximum number of minimization cycles reached.


                    FINAL RESULTS



   NSTEP       ENERGY          RMS            GMAX         NAME    NUMBER
      1              NaN            NaN     0.0000E+00     O           1

 BOND    =        0.0000  ANGLE   =        0.0000  DIHED      =        0.0000
 VDWAALS =           NaN  EEL     =  -505572.6776  HBOND      =        0.0000
 1-4 VDW =        0.0000  1-4 EEL =        0.0000  RESTRAINT  =        0.0000
minimization completed, ENE=            NaN RMS=          NaN
minimizing coord set #    98


  Maximum number of minimization cycles reached.


                    FINAL RESULTS



   NSTEP       ENERGY          RMS            GMAX         NAME    NUMBER
      1              NaN            NaN     0.0000E+00     O           1

 BOND    =        0.0000  ANGLE   =        0.0000  DIHED      =        0.0000
 VDWAALS =           NaN  EEL     =  -505516.5158  HBOND      =        0.0000
 1-4 VDW =        0.0000  1-4 EEL =        0.0000  RESTRAINT  =        0.0000
minimization completed, ENE=            NaN RMS=          NaN
minimizing coord set #    99


  Maximum number of minimization cycles reached.


                    FINAL RESULTS



   NSTEP       ENERGY          RMS            GMAX         NAME    NUMBER
      1              NaN            NaN     0.0000E+00     O           1

 BOND    =        0.0000  ANGLE   =        0.0000  DIHED      =        0.0000
 VDWAALS =           NaN  EEL     =  -505580.9412  HBOND      =        0.0000
 1-4 VDW =        0.0000  1-4 EEL =        0.0000  RESTRAINT  =        0.0000
minimization completed, ENE=            NaN RMS=          NaN
minimizing coord set #   100


  Maximum number of minimization cycles reached.


                    FINAL RESULTS



   NSTEP       ENERGY          RMS            GMAX         NAME    NUMBER
      1              NaN            NaN     0.0000E+00     O           1

 BOND    =        0.0000  ANGLE   =        0.0000  DIHED      =        0.0000
 VDWAALS =           NaN  EEL     =  -505589.7785  HBOND      =        0.0000
 1-4 VDW =        0.0000  1-4 EEL =        0.0000  RESTRAINT  =        0.0000
minimization completed, ENE=            NaN RMS=          NaN
TRAJENE: Trajectory file ended
TRAJENE: Trajene complete.

--------------------------------------------------------------------------------
   5.  TIMINGS
--------------------------------------------------------------------------------

|    Read coords time           0.00 ( 0.01% of Total)
|                Build the list             0.09 (84.55% of List )
|                Other                      0.02 (15.45% of List )
|             List time                  0.11 ( 0.66% of Nonbo)
|                   Short_ene time            14.33 (100.0% of Direc)
|                Direct Ewald time         14.33 (85.92% of Ewald)
|                Other                      2.35 (14.08% of Ewald)
|             Ewald time                16.68 (99.34% of Nonbo)
|          Nonbond force             16.79 (99.72% of Force)
|          FRC Collect time           0.03 ( 0.16% of Force)
|          Other                      0.02 ( 0.12% of Force)
|       Force time                16.84 (100.0% of Runmd)
|    Runmd Time                16.84 (99.48% of Total)
|    Other                      0.09 ( 0.51% of Total)
| Total time                16.93 (100.0% of ALL  )

| Highest rstack allocated:     148393
| Highest istack allocated:          0
|           Job began  at 20:35:24.959  on 10/16/2024
|           Setup done at 20:35:25.007  on 10/16/2024
|           Run   done at 20:35:41.888  on 10/16/2024
|     wallclock() was called    8614 times

|3D-RISM memory allocation summary
|Type          Maximum        Current   
|Integer       0.00000 GB     0.00000 GB
|Real          0.00000 GB     0.00000 GB
|Logical       0.00000 GB     0.00000 GB
|Character     0.00000 GB     0.00000 GB
|---------------------------------------
|Total         0.00000 GB     0.00000 GB
