
          -------------------------------------------------------
          Amber 24 SANDER                              2024
          -------------------------------------------------------

| Run on 11/12/2024 at 20:55:01

|   Executable path: /home8/larry/ips-pgm/bin/sander.MPI
| Working directory: /home8/larry/neutral_mole/H381
|          Hostname: rayl8

  [-O]verwriting output

File Assignments:
|  MDIN: mdin                                                                  
| MDOUT: ips-ind.out                                                           
|INPCRD: restrt0                                                               
|  PARM: cond_H381_pgm.prmtop                                                  
|RESTRT: restrt                                                                
|  REFC: refc                                                                  
| MDVEL: mdvel                                                                 
| MDFRC: mdfrc                                                                 
|  MDEN: mden                                                                  
| MDCRD: mdcrd                                                                 
|MDINFO: mdinfo                                                                
|  MTMD: mtmd                                                                  
|INPDIP: inpdip                                                                
|RSTDIP: rstdip                                                                
|INPTRA: inptraj                                                               

|    REMLOG: rem.log
|   REMTYPE: rem.type
|  REMSTRIP: 
|   SAVEENE: saveene
|CLUSTERINF: cluster.info
| RESERVOIR: reserv/frame
|   REMDDIM: 


 Here is the input file:

  single point calc.                                                           
 &cntrl                                                                        
   imin=0, nstlim=0,                                                           
   irest=1, ntx=5,                                                             
   ntt=1, temp0=300,                                                           
   ntb=1,                                                                      
   ntp=0,                                                                      
   ntc=2, ntf=2, tol=0.000001,                                                 
   cut=10.,                                                                    
   ntpr=1, ntwr=1000, ntwx=1000,                                               
   dt=0.001,                                                                   
   ipgm=1,ips=1,                                                               
 /                                                                             
 &ewald                                                                        
  skinnb=0.,ew_coeff=0.4,nfft1=50,nfft2=50,nfft3=50,order=8,vdwmeth=0          
 /                                                                             
 &pol_gauss                                                                    
   pol_gauss_verbose=0,ee_dsum_cut=10.0,pol_gauss_ips=1,dipole_print=1,        
   dipole_scf_tol=0.01,dipole_scf_init=3,dipole_scf_init_order=3,dipole_scf_init_step=2,
   scf_solv_opt=3,scf_sor_niter=100,scf_sor_coefficient=0.65,                  
   scf_cg_niter=50,scf_local_niter=3,scf_local_cut=4.0                         
 /                                                                             

--------------------------------------------------------------------------------
   1.  RESOURCE   USE: 
--------------------------------------------------------------------------------

| Flags: MPI                                                                    
 getting box info from netcdf restart file
| NetCDF restart box info found
|Largest sphere to fit in unit cell has radius =    22.747
| New format PARM file being parsed.
| Version =    1.000 Date = 10/24/24 Time = 09:54:11
 NATOM  =    6650 NTYPES =       5 NBONH =    2850 MBONA  =    2850
 NTHETH =    5700 MTHETA =    1900 NPHIH =    2850 MPHIA  =     950
 NHPARM =       0 NPARM  =       0 NNB   =   18050 NRES   =     950
 NBONA  =    2850 NTHETA =    1900 NPHIA =     950 NUMBND =       4
 NUMANG =       4 NPTRA  =       2 NATYP =       5 NPHB   =       0
 IFBOX  =       1 NMXRS  =       7 IFCAP =       0 NEXTRA =       0
 NCOPY  =       0


|     Memory Use     Allocated
|     Real             1550989
|     Hollerith          20902
|     Integer           404780
|     Max Pairs         369444
|     nblistReal         79800
|     nblist Int        323043
|       Total            17108 kbytes

| Note: 1-4 EEL scale factors are being read from the topology file.

| Note: 1-4 VDW scale factors are being read from the topology file.
| Duplicated    0 dihedrals
| Duplicated    0 dihedrals

     BOX TYPE: RECTILINEAR

--------------------------------------------------------------------------------
   2.  CONTROL  DATA  FOR  THE  RUN
--------------------------------------------------------------------------------

default_name                                                                    

General flags:
     imin    =       0, nmropt  =       0

Nature and format of input:
     ntx     =       5, irest   =       1, ntrx    =       1

Nature and format of output:
     ntxo    =       2, ntpr    =       1, ntrx    =       1, ntwr    =       1
     iwrap   =       0, ntwx    =    1000, ntwv    =       0, ntwe    =       0
     ioutfm  =       1, ntwprt  =       0, idecomp =       0, rbornstat=      0

Potential function:
     ntf     =       2, ntb     =       1, igb     =       0, nsnb    =      25
     ipol    =       0, gbsa    =       0, iesp    =       0
     dielc   =   1.00000, cut     =  10.00000, intdiel =   1.00000

Frozen or restrained atoms:
     ibelly  =       0, ntr     =       0

Molecular dynamics:
     nstlim  =         0, nscm    =      1000, nrespa  =         1
     t       =   0.00000, dt      =   0.00100, vlimit  =  20.00000

Berendsen (weak-coupling) temperature regulation:
     temp0   = 300.00000, tempi   =   0.00000, tautp   =   1.00000

SHAKE:
     ntc     =       2, jfastw  =       0
     tol     =   0.00000

Ewald parameters:
     verbose =       0, ew_type =       0, nbflag  =       1, use_pme =       0
     vdwmeth =       2, eedmeth =       6, netfrc  =       1
     Box X =   45.494   Box Y =   45.494   Box Z =   45.494
     Alpha =   90.000   Beta  =   90.000   Gamma =   90.000
     NFFT1 =   50       NFFT2 =   50       NFFT3 =   50
     Cutoff=   10.000   Tol   =0.154E-08
     Ewald Coefficient =  0.40000
     Interpolation order =    8

| MPI Timing options:
|      profile_mpi =        0
|  INFO: Old style inpcrd file read


--------------------------------------------------------------------------------
   3.  ATOMIC COORDINATES AND VELOCITIES
--------------------------------------------------------------------------------

default_name                                                                    
 begin time read from input coords =  3410.000 ps

 Number of triangulated 3-point waters found:        0
|  Atom division among processors:
|         0     420     833    1246    1666    2079    2492    2905
|      3325    3738    4151    4571    4984    5397    5810    6230
|      6650

     Sum of charges from parm topology file =  -0.00000063
     Forcing neutrality...
|  Running AMBER/MPI version on   16 nodes

 ----------------------------------
 Using 3D-IPS algorithm
   IPS Radius:  10.00 A
   Using IPS for electrostatic energy
   Using IPS for L-J energy
 ----------------------------------

--------------------------------------------------------------------------------
   4.  RESULTS
--------------------------------------------------------------------------------

|  # of SOLUTE  degrees of freedom (RNDFP):   17100.
|  # of SOLVENT degrees of freedom (RNDFS):       0.
|  NDFMIN =   17097.     NUM_NOSHAKE =      0     CORRECTED RNDFP =   17097.
|  TOTAL # of degrees of freedom (RNDF) =   17097.
 ---------------------------------------------------

     eedmeth=6: Using IPS method for electrostatic energy

 ---------------------------------------------------
| Local SIZE OF NONBOND LIST =      63781
| TOTAL SIZE OF NONBOND LIST =     979016

 NSTEP =        0   TIME(PS) =    3410.000  TEMP(K) =   292.89  PRESS =     0.0
 Etot   =   -178136.6243  EKtot   =      4975.4194  EPtot      =   -183112.0437
 BOND   =       829.5131  ANGLE   =      1922.3282  DIHED      =         0.0000
 1-4 NB =         0.0000  1-4 EEL =         0.0000  VDWAALS    =     -6200.0882
 EELEC  =   -179663.7968  EHBOND  =         0.0000  RESTRAINT  =         0.0000
 ------------------------------------------------------------------------------


--------------------------------------------------------------------------------
   5.  TIMINGS
--------------------------------------------------------------------------------

|>>>>>>>>PROFILE of Average TIMES>>>>>>>>> 
|    Read coords time           0.00 ( 0.08% of Total)
|                Build the list             0.01 (38.89% of List )
|                Other                      0.01 (61.11% of List )
|             List time                  0.02 (17.38% of Nonbo)
|                   Short_ene time             0.06 (100.0% of Direc)
|                Direct Ewald time          0.06 (67.14% of Ewald)
|                Other                      0.03 (32.86% of Ewald)
|             Ewald time                 0.09 (82.58% of Nonbo)
|             IPS excludes               0.00 ( 0.04% of Nonbo)
|          Nonbond force              0.11 (97.43% of Force)
|          Bond/Angle/Dihedral        0.00 ( 0.13% of Force)
|          FRC Collect time           0.00 ( 0.22% of Force)
|          Other                      0.00 ( 2.21% of Force)
|       Force time                 0.11 (98.91% of Runmd)
|       Other                      0.00 ( 1.09% of Runmd)
|    Runmd Time                 0.11 (41.94% of Total)
|    Other                      0.16 (57.99% of Total)
| Total time                 0.27 (100.0% of ALL  )

| Number of list builds   :          1

| Highest rstack allocated:     148393
| Highest istack allocated:          0
|           Job began  at 20:55:01.625  on 11/12/2024
|           Setup done at 20:55:01.781  on 11/12/2024
|           Run   done at 20:55:01.894  on 11/12/2024
|     wallclock() was called      67 times

|3D-RISM memory allocation summary
|Type          Maximum        Current   
|Integer       0.00000 GB     0.00000 GB
|Real          0.00000 GB     0.00000 GB
|Logical       0.00000 GB     0.00000 GB
|Character     0.00000 GB     0.00000 GB
|---------------------------------------
|Total         0.00000 GB     0.00000 GB
