
          -------------------------------------------------------
          Amber 24 SANDER                              2024
          -------------------------------------------------------

| Run on 11/12/2024 at 21:00:18

|   Executable path: /home8/larry/ips-pgm/bin/sander.MPI
| Working directory: /home8/larry/neutral_mole/H381
|          Hostname: rayl8

  [-O]verwriting output

File Assignments:
|  MDIN: mdin                                                                  
| MDOUT: pme-ind.out                                                           
|INPCRD: restrt0                                                               
|  PARM: cond_H381_pgm.prmtop                                                  
|RESTRT: restrt                                                                
|  REFC: refc                                                                  
| MDVEL: mdvel                                                                 
| MDFRC: mdfrc                                                                 
|  MDEN: mden                                                                  
| MDCRD: mdcrd                                                                 
|MDINFO: mdinfo                                                                
|  MTMD: mtmd                                                                  
|INPDIP: inpdip                                                                
|RSTDIP: rstdip                                                                
|INPTRA: inptraj                                                               

|    REMLOG: rem.log
|   REMTYPE: rem.type
|  REMSTRIP: 
|   SAVEENE: saveene
|CLUSTERINF: cluster.info
| RESERVOIR: reserv/frame
|   REMDDIM: 


 Here is the input file:

 single point calc.                                                            
 &cntrl                                                                        
   imin=0, nstlim=0,                                                           
   irest=1, ntx=5,                                                             
   ntt=1, temp0=300,                                                           
   ntb=1, ntp=0,                                                               
   ntc=2, ntf=2, tol=0.000001,                                                 
   cut=10.,                                                                    
   ntpr=1000, ntwr=1000, ntwx=1000,                                            
   dt=0.001,                                                                   
   ipgm=1,                                                                     
 /                                                                             
 &ewald                                                                        
  skinnb=0.,ew_coeff=0.4,nfft1=50,nfft2=50,nfft3=50,order=8,vdwmeth=0          
 /                                                                             
 &pol_gauss                                                                    
   pol_gauss_verbose=0,ee_dsum_cut=10.0,dipole_print=1,                        
   dipole_scf_tol=0.0001,dipole_scf_init=3,dipole_scf_init_order=2,dipole_scf_init_step=4,
   scf_solv_opt=3,scf_sor_niter=100,scf_sor_coefficient=0.65,                  
   scf_cg_niter=50,scf_local_niter=3,scf_local_cut=4.0                         
 /                                                                             

--------------------------------------------------------------------------------
   1.  RESOURCE   USE: 
--------------------------------------------------------------------------------

| Flags: MPI                                                                    
 getting box info from netcdf restart file
| NetCDF restart box info found
|Largest sphere to fit in unit cell has radius =    22.747
| New format PARM file being parsed.
| Version =    1.000 Date = 10/24/24 Time = 09:54:11
 NATOM  =    6650 NTYPES =       5 NBONH =    2850 MBONA  =    2850
 NTHETH =    5700 MTHETA =    1900 NPHIH =    2850 MPHIA  =     950
 NHPARM =       0 NPARM  =       0 NNB   =   18050 NRES   =     950
 NBONA  =    2850 NTHETA =    1900 NPHIA =     950 NUMBND =       4
 NUMANG =       4 NPTRA  =       2 NATYP =       5 NPHB   =       0
 IFBOX  =       1 NMXRS  =       7 IFCAP =       0 NEXTRA =       0
 NCOPY  =       0


|     Memory Use     Allocated
|     Real             1550989
|     Hollerith          20902
|     Integer           404780
|     Max Pairs         369444
|     nblistReal         79800
|     nblist Int        323043
|       Total            17108 kbytes

| Note: 1-4 EEL scale factors are being read from the topology file.

| Note: 1-4 VDW scale factors are being read from the topology file.
| Duplicated    0 dihedrals
| Duplicated    0 dihedrals

     BOX TYPE: RECTILINEAR

--------------------------------------------------------------------------------
   2.  CONTROL  DATA  FOR  THE  RUN
--------------------------------------------------------------------------------

default_name                                                                    

General flags:
     imin    =       0, nmropt  =       0

Nature and format of input:
     ntx     =       5, irest   =       1, ntrx    =       1

Nature and format of output:
     ntxo    =       2, ntpr    =    1000, ntrx    =       1, ntwr    =       1
     iwrap   =       0, ntwx    =    1000, ntwv    =       0, ntwe    =       0
     ioutfm  =       1, ntwprt  =       0, idecomp =       0, rbornstat=      0

Potential function:
     ntf     =       2, ntb     =       1, igb     =       0, nsnb    =      25
     ipol    =       0, gbsa    =       0, iesp    =       0
     dielc   =   1.00000, cut     =  10.00000, intdiel =   1.00000

Frozen or restrained atoms:
     ibelly  =       0, ntr     =       0

Molecular dynamics:
     nstlim  =         0, nscm    =      1000, nrespa  =         1
     t       =   0.00000, dt      =   0.00100, vlimit  =  20.00000

Berendsen (weak-coupling) temperature regulation:
     temp0   = 300.00000, tempi   =   0.00000, tautp   =   1.00000

SHAKE:
     ntc     =       2, jfastw  =       0
     tol     =   0.00000

Ewald parameters:
     verbose =       0, ew_type =       0, nbflag  =       1, use_pme =       1
     vdwmeth =       0, eedmeth =       1, netfrc  =       1
     Box X =   45.494   Box Y =   45.494   Box Z =   45.494
     Alpha =   90.000   Beta  =   90.000   Gamma =   90.000
     NFFT1 =   50       NFFT2 =   50       NFFT3 =   50
     Cutoff=   10.000   Tol   =0.154E-08
     Ewald Coefficient =  0.40000
     Interpolation order =    8

| MPI Timing options:
|      profile_mpi =        0
|  INFO: Old style inpcrd file read


--------------------------------------------------------------------------------
   3.  ATOMIC COORDINATES AND VELOCITIES
--------------------------------------------------------------------------------

default_name                                                                    
 begin time read from input coords =  3410.000 ps

 Number of triangulated 3-point waters found:        0
|  Atom division among processors:
|         0     420     833    1246    1666    2079    2492    2905
|      3325    3738    4151    4571    4984    5397    5810    6230
|      6650

     Sum of charges from parm topology file =  -0.00000063
     Forcing neutrality...
|  Running AMBER/MPI version on   16 nodes


--------------------------------------------------------------------------------
   4.  RESULTS
--------------------------------------------------------------------------------

|  # of SOLUTE  degrees of freedom (RNDFP):   17100.
|  # of SOLVENT degrees of freedom (RNDFS):       0.
|  NDFMIN =   17097.     NUM_NOSHAKE =      0     CORRECTED RNDFP =   17097.
|  TOTAL # of degrees of freedom (RNDF) =   17097.
 ---------------------------------------------------
 APPROXIMATING switch and d/dx switch using CUBIC SPLINE INTERPOLATION
 using   5000.0 points per unit in tabled values
 TESTING RELATIVE ERROR over r ranging from 0.0 to cutoff
| CHECK switch(x): max rel err =   0.2738E-14   at   2.422500
| CHECK d/dx switch(x): max rel err =   0.8987E-11   at   2.875760
 ---------------------------------------------------
| Local SIZE OF NONBOND LIST =      63781
| TOTAL SIZE OF NONBOND LIST =     979016

 NSTEP =        0   TIME(PS) =    3410.000  TEMP(K) =   292.89  PRESS =     0.0
 Etot   =   -173910.9048  EKtot   =      4975.4194  EPtot      =   -178886.3242
 BOND   =       829.5131  ANGLE   =      1922.3282  DIHED      =         0.0000
 1-4 NB =         0.0000  1-4 EEL =         0.0000  VDWAALS    =     -5878.8077
 EELEC  =   -175759.3578  EHBOND  =         0.0000  RESTRAINT  =         0.0000
 Ewald error estimate:   0.0000E+00
 ------------------------------------------------------------------------------


--------------------------------------------------------------------------------
   5.  TIMINGS
--------------------------------------------------------------------------------

|>>>>>>>>PROFILE of Average TIMES>>>>>>>>> 
|    Read coords time           0.00 ( 0.04% of Total)
|                Build the list             0.05 (45.83% of List )
|                Other                      0.06 (54.17% of List )
|             List time                  0.12 (40.09% of Nonbo)
|                   Short_ene time             0.06 (100.0% of Direc)
|                Direct Ewald time          0.06 (31.45% of Ewald)
|                   Fill Bspline coeffs        0.00 ( 5.04% of Recip)
|                   Fill charge grid           0.02 (30.08% of Recip)
|                   Scalar sum                 0.00 ( 1.02% of Recip)
|                   Grad sum                   0.02 (30.07% of Recip)
|                      FFT back comm time         0.00 (12.43% of FFT t)
|                      Other                      0.02 (87.57% of FFT t)
|                   FFT time                   0.02 (33.79% of Recip)
|                Recip Ewald time           0.06 (35.31% of Ewald)
|                Other                      0.06 (33.24% of Ewald)
|             Ewald time                 0.18 (59.91% of Nonbo)
|          Nonbond force              0.29 (99.12% of Force)
|          Bond/Angle/Dihedral        0.00 ( 0.05% of Force)
|          FRC Collect time           0.00 ( 0.07% of Force)
|          Other                      0.00 ( 0.77% of Force)
|       Force time                 0.29 (99.59% of Runmd)
|       Other                      0.00 ( 0.41% of Runmd)
|    Runmd Time                 0.30 (75.40% of Total)
|    Other                      0.10 (24.56% of Total)
| Total time                 0.39 (100.0% of ALL  )

| Number of list builds   :          1

| Highest rstack allocated:     165734
| Highest istack allocated:          0
|           Job began  at 21:00:18.503  on 11/12/2024
|           Setup done at 21:00:18.599  on 11/12/2024
|           Run   done at 21:00:18.896  on 11/12/2024
|     wallclock() was called     196 times

|3D-RISM memory allocation summary
|Type          Maximum        Current   
|Integer       0.00000 GB     0.00000 GB
|Real          0.00000 GB     0.00000 GB
|Logical       0.00000 GB     0.00000 GB
|Character     0.00000 GB     0.00000 GB
|---------------------------------------
|Total         0.00000 GB     0.00000 GB
