
          -------------------------------------------------------
          Amber 24 SANDER                              2024
          -------------------------------------------------------

| Run on 10/06/2024 at 15:13:44

|   Executable path: /home8/larry/amber24/bin/sander.MPI
| Working directory: /home8/larry/project/ips/energy_conv
|          Hostname: rayl8

  [-O]verwriting output

File Assignments:
|  MDIN: mdin                                                                  
| MDOUT: pme.out                                                               
|INPCRD: restrt0                                                               
|  PARM: pGM.prmtop                                                            
|RESTRT: pme.rst                                                               
|  REFC: refc                                                                  
| MDVEL: mdvel                                                                 
| MDFRC: mdfrc                                                                 
|  MDEN: mden                                                                  
| MDCRD: pme.nc                                                                
|MDINFO: mdinfo                                                                
|  MTMD: mtmd                                                                  
|INPDIP: inpdip                                                                
|RSTDIP: rstdip                                                                
|INPTRA: inptraj                                                               

|    REMLOG: rem.log
|   REMTYPE: rem.type
|  REMSTRIP: 
|   SAVEENE: saveene
|CLUSTERINF: cluster.info
| RESERVOIR: reserv/frame
|   REMDDIM: 


 Here is the input file:

 single point calc.                                                            
 &cntrl                                                                        
   imin=0, nstlim=1000000,                                                     
   irest=1, ntx=5,                                                             
   ntt=1, temp0=300,                                                           
   ntb=1, ntp=0,                                                               
   ntc=2, ntf=2, tol=0.000001,                                                 
   cut=9.,                                                                     
   ntpr=1000, ntwr=1000, ntwx=1000,                                            
   dt=0.001,                                                                   
   ipgm=1,                                                                     
 /                                                                             
 &ewald                                                                        
  skinnb=2.,ew_coeff=0.4,nfft1=50,nfft2=50,nfft3=50,order=8,vdwmeth=0          
 /                                                                             
 &pol_gauss                                                                    
   pol_gauss_verbose=0,ee_dsum_cut=9.0,                                        
   dipole_scf_tol=0.0001,dipole_scf_init=3,dipole_scf_init_order=2,dipole_scf_init_step=4,
   scf_solv_opt=3,scf_sor_niter=100,scf_sor_coefficient=0.65,                  
   scf_cg_niter=50,scf_local_niter=3,scf_local_cut=4.0                         
 /                                                                             

--------------------------------------------------------------------------------
   1.  RESOURCE   USE: 
--------------------------------------------------------------------------------

| Flags: MPI                                                                    
 getting box info from netcdf restart file
| NetCDF restart box info found
|Largest sphere to fit in unit cell has radius =    11.009
| New format PARM file being parsed.
| Version =    1.000 Date = 06/09/20 Time = 10:19:01
 NATOM  =    1536 NTYPES =       2 NBONH =    1536 MBONA  =       0
 NTHETH =       0 MTHETA =       0 NPHIH =       0 MPHIA  =       0
 NHPARM =       0 NPARM  =       0 NNB   =    2048 NRES   =     512
 NBONA  =       0 NTHETA =       0 NPHIA =       0 NUMBND =       2
 NUMANG =       0 NPTRA  =       0 NATYP =       2 NPHB   =       0
 IFBOX  =       2 NMXRS  =       3 IFCAP =       0 NEXTRA =       0
 NCOPY  =       0


|     Memory Use     Allocated
|     Real             1143493
|     Hollerith           5122
|     Integer            54825
|     Max Pairs         113578
|     nblistReal         18432
|     nblist Int         49811
|       Total             9949 kbytes

| Note: 1-4 EEL scale factors are being read from the topology file.

| Note: 1-4 VDW scale factors are being read from the topology file.
| Duplicated    0 dihedrals
| Duplicated    0 dihedrals

     BOX TYPE: TRUNCATED OCTAHEDRON

--------------------------------------------------------------------------------
   2.  CONTROL  DATA  FOR  THE  RUN
--------------------------------------------------------------------------------

TP3                                                                             

General flags:
     imin    =       0, nmropt  =       0

Nature and format of input:
     ntx     =       5, irest   =       1, ntrx    =       1

Nature and format of output:
     ntxo    =       2, ntpr    =    1000, ntrx    =       1, ntwr    =    1000
     iwrap   =       0, ntwx    =    1000, ntwv    =       0, ntwe    =       0
     ioutfm  =       1, ntwprt  =       0, idecomp =       0, rbornstat=      0

Potential function:
     ntf     =       2, ntb     =       1, igb     =       0, nsnb    =      25
     ipol    =       0, gbsa    =       0, iesp    =       0
     dielc   =   1.00000, cut     =   9.00000, intdiel =   1.00000

Frozen or restrained atoms:
     ibelly  =       0, ntr     =       0

Molecular dynamics:
     nstlim  =   1000000, nscm    =      1000, nrespa  =         1
     t       =   0.00000, dt      =   0.00100, vlimit  =  20.00000

Berendsen (weak-coupling) temperature regulation:
     temp0   = 300.00000, tempi   =   0.00000, tautp   =   1.00000

SHAKE:
     ntc     =       2, jfastw  =       0
     tol     =   0.00000

Ewald parameters:
     verbose =       0, ew_type =       0, nbflag  =       1, use_pme =       1
     vdwmeth =       0, eedmeth =       1, netfrc  =       1
     Box X =   26.967   Box Y =   26.967   Box Z =   26.967
     Alpha =  109.471   Beta  =  109.471   Gamma =  109.471
     NFFT1 =   50       NFFT2 =   50       NFFT3 =   50
     Cutoff=    9.000   Tol   =0.395E-07
     Ewald Coefficient =  0.40000
     Interpolation order =    8

| MPI Timing options:
|      profile_mpi =        0
|  INFO: Old style inpcrd file read


--------------------------------------------------------------------------------
   3.  ATOMIC COORDINATES AND VELOCITIES
--------------------------------------------------------------------------------

TP3                                                                             
 begin time read from input coords =  4706.000 ps

 Number of triangulated 3-point waters found:      512
|  Atom division among processors:
|         0      96     192     288     384     480     576     672
|       768     864     960    1056    1152    1248    1344    1440
|      1536

     Sum of charges from parm topology file =   0.00000000
     Forcing neutrality...
|  Running AMBER/MPI version on   16 nodes


--------------------------------------------------------------------------------
   4.  RESULTS
--------------------------------------------------------------------------------

|  # of SOLUTE  degrees of freedom (RNDFP):    3072.
|  # of SOLVENT degrees of freedom (RNDFS):       0.
|  NDFMIN =    3069.     NUM_NOSHAKE =      0     CORRECTED RNDFP =    3069.
|  TOTAL # of degrees of freedom (RNDF) =    3069.
 ---------------------------------------------------
 APPROXIMATING switch and d/dx switch using CUBIC SPLINE INTERPOLATION
 using   5000.0 points per unit in tabled values
 TESTING RELATIVE ERROR over r ranging from 0.0 to cutoff
| CHECK switch(x): max rel err =   0.2738E-14   at   2.422500
| CHECK d/dx switch(x): max rel err =   0.8987E-11   at   2.875760
 ---------------------------------------------------
| Local SIZE OF NONBOND LIST =      26736
| TOTAL SIZE OF NONBOND LIST =     434981
check COM velocity, temp:        0.011712     0.21(Removed)

 NSTEP =     1000   TIME(PS) =    4707.000  TEMP(K) =   262.78  PRESS =     0.0
 Etot   =   -504134.8402  EKtot   =       801.3088  EPtot      =   -504936.1491
 BOND   =         0.0000  ANGLE   =         0.0000  DIHED      =         0.0000
 1-4 NB =         0.0000  1-4 EEL =         0.0000  VDWAALS    =       998.0278
 EELEC  =   -505934.1769  EHBOND  =         0.0000  RESTRAINT  =         0.0000
 Ewald error estimate:   0.0000E+00
 ------------------------------------------------------------------------------

check COM velocity, temp:        0.000000     0.00(Removed)

 NSTEP =     2000   TIME(PS) =    4708.000  TEMP(K) =   273.72  PRESS =     0.0
 Etot   =   -504038.1313  EKtot   =       834.6542  EPtot      =   -504872.7854
 BOND   =         0.0000  ANGLE   =         0.0000  DIHED      =         0.0000
 1-4 NB =         0.0000  1-4 EEL =         0.0000  VDWAALS    =       938.7969
 EELEC  =   -505811.5823  EHBOND  =         0.0000  RESTRAINT  =         0.0000
 Ewald error estimate:   0.0000E+00
 ------------------------------------------------------------------------------

check COM velocity, temp:        0.000000     0.00(Removed)

 NSTEP =     3000   TIME(PS) =    4709.000  TEMP(K) =   275.54  PRESS =     0.0
 Etot   =   -503965.1928  EKtot   =       840.2044  EPtot      =   -504805.3973
 BOND   =         0.0000  ANGLE   =         0.0000  DIHED      =         0.0000
 1-4 NB =         0.0000  1-4 EEL =         0.0000  VDWAALS    =       893.8511
 EELEC  =   -505699.2484  EHBOND  =         0.0000  RESTRAINT  =         0.0000
 Ewald error estimate:   0.0000E+00
 ------------------------------------------------------------------------------

